  program.cpp
C:\Users\Muneeb\Documents\GitHub\BattleAtDawn\program.cpp(901,6): warning C4244: '=': conversion from 'double' to 'int', possible loss of data
C:\Users\Muneeb\Documents\GitHub\BattleAtDawn\program.cpp(902,6): warning C4244: '=': conversion from 'double' to 'int', possible loss of data
C:\Users\Muneeb\Documents\GitHub\BattleAtDawn\program.cpp(1074,15): warning C4244: '=': conversion from 'std::streamoff' to 'int', possible loss of data
C:\Users\Muneeb\Documents\GitHub\BattleAtDawn\program.cpp(1146,37): warning C4244: 'argument': conversion from 'double' to 'int', possible loss of data
C:\Users\Muneeb\Documents\GitHub\BattleAtDawn\program.cpp(1146,21): warning C4244: 'argument': conversion from 'double' to 'int', possible loss of data
C:\Users\Muneeb\Documents\GitHub\BattleAtDawn\program.cpp(1147,79): warning C4244: 'argument': conversion from 'double' to 'int', possible loss of data
C:\Users\Muneeb\Documents\GitHub\BattleAtDawn\program.cpp(1147,64): warning C4244: 'argument': conversion from 'double' to 'int', possible loss of data
C:\Users\Muneeb\Documents\GitHub\BattleAtDawn\program.cpp(1147,24): warning C4244: 'argument': conversion from 'double' to 'int', possible loss of data
C:\Users\Muneeb\Documents\GitHub\BattleAtDawn\program.cpp(1170,36): warning C4244: 'argument': conversion from '__int64' to 'double', possible loss of data
C:\Users\Muneeb\Documents\GitHub\BattleAtDawn\program.cpp(1195,35): warning C4244: 'argument': conversion from '__int64' to 'double', possible loss of data
C:\Users\Muneeb\Documents\GitHub\BattleAtDawn\program.cpp(1239,38): warning C4244: 'argument': conversion from 'double' to 'int', possible loss of data
C:\Users\Muneeb\Documents\GitHub\BattleAtDawn\program.cpp(1239,26): warning C4244: 'argument': conversion from 'double' to 'int', possible loss of data
C:\Users\Muneeb\Documents\GitHub\BattleAtDawn\program.cpp(1243,57): warning C4244: 'argument': conversion from 'double' to 'int', possible loss of data
C:\Users\Muneeb\Documents\GitHub\BattleAtDawn\program.cpp(1243,37): warning C4244: 'argument': conversion from 'double' to 'int', possible loss of data
C:\Users\Muneeb\Documents\GitHub\BattleAtDawn\program.cpp(1247,57): warning C4244: 'argument': conversion from 'double' to 'int', possible loss of data
C:\Users\Muneeb\Documents\GitHub\BattleAtDawn\program.cpp(1247,36): warning C4244: 'argument': conversion from 'double' to 'int', possible loss of data
C:\Users\Muneeb\Documents\GitHub\BattleAtDawn\program.cpp(1256,41): warning C4244: 'argument': conversion from 'double' to 'int', possible loss of data
C:\Users\Muneeb\Documents\GitHub\BattleAtDawn\program.cpp(1256,25): warning C4244: 'argument': conversion from 'double' to 'int', possible loss of data
C:\Users\Muneeb\Documents\GitHub\BattleAtDawn\program.cpp(1259,83): warning C4244: 'argument': conversion from 'double' to 'int', possible loss of data
C:\Users\Muneeb\Documents\GitHub\BattleAtDawn\program.cpp(1259,68): warning C4244: 'argument': conversion from 'double' to 'int', possible loss of data
C:\Users\Muneeb\Documents\GitHub\BattleAtDawn\program.cpp(1259,28): warning C4244: 'argument': conversion from 'double' to 'int', possible loss of data
C:\Users\Muneeb\Documents\GitHub\BattleAtDawn\program.cpp(1271,66): warning C4244: 'argument': conversion from 'double' to 'int', possible loss of data
C:\Users\Muneeb\Documents\GitHub\BattleAtDawn\program.cpp(1271,40): warning C4244: 'argument': conversion from 'double' to 'int', possible loss of data
C:\Users\Muneeb\Documents\GitHub\BattleAtDawn\program.cpp(1272,66): warning C4244: 'argument': conversion from 'double' to 'int', possible loss of data
C:\Users\Muneeb\Documents\GitHub\BattleAtDawn\program.cpp(1272,40): warning C4244: 'argument': conversion from 'double' to 'int', possible loss of data
C:\Users\Muneeb\Documents\GitHub\BattleAtDawn\program.cpp(1506,44): warning C4244: 'argument': conversion from 'double' to 'int', possible loss of data
C:\Users\Muneeb\Documents\GitHub\BattleAtDawn\program.cpp(1506,25): warning C4244: 'argument': conversion from 'double' to 'int', possible loss of data
C:\Users\Muneeb\Documents\GitHub\BattleAtDawn\program.cpp(1509,92): warning C4244: 'argument': conversion from 'double' to 'int', possible loss of data
C:\Users\Muneeb\Documents\GitHub\BattleAtDawn\program.cpp(1509,74): warning C4244: 'argument': conversion from 'double' to 'int', possible loss of data
C:\Users\Muneeb\Documents\GitHub\BattleAtDawn\program.cpp(1509,28): warning C4244: 'argument': conversion from 'double' to 'int', possible loss of data
C:\Users\Muneeb\Documents\GitHub\BattleAtDawn\program.cpp(1740,48): warning C4244: '=': conversion from 'double' to 'int', possible loss of data
C:\Users\Muneeb\Documents\GitHub\BattleAtDawn\program.cpp(1744,49): warning C4244: '=': conversion from 'double' to 'int', possible loss of data
  program.vcxproj -> C:\Users\Muneeb\Documents\GitHub\BattleAtDawn\.\Debug\program.exe
